IOR-4.1.0+dev: MPI Coordinated Test of Parallel I/O
Began               : Wed May  6 15:15:25 2026
Command line        : /users/aadits/bench-tools/bin/ior -a POSIX -F -w -r -g -e -C -t 4096 -b 4096 -s 512 -o /mnt/cephfs/cs2640-bench/direct_ior__external__r2/iorfile
Machine             : Linux node0.aadit.cs2640-pg0.cloudlab.umass.edu
TestID              : 0
StartTime           : Wed May  6 15:15:25 2026
Path                : /mnt/cephfs/cs2640-bench/direct_ior__external__r2/iorfile.00000000
FS                  : 93.8 GiB   Used FS: 0.0%   Inodes: 0.0 Mi   Used Inodes: 200.0%

Options: 
api                 : POSIX
apiVersion          : 
test filename       : /mnt/cephfs/cs2640-bench/direct_ior__external__r2/iorfile
access              : file-per-process
type                : independent
segments            : 512
ordering in a file  : sequential
ordering inter file : constant task offset
task offset         : 1
nodes               : 1
tasks               : 8
clients per node    : 8
memoryBuffer        : CPU
dataAccess          : CPU
GPUDirect           : 0
repetitions         : 1
xfersize            : 4096 bytes
blocksize           : 4096 bytes
aggregate filesize  : 16 MiB

Results: 

access    bw(MiB/s)  IOPS       Latency(s)  block(KiB) xfer(KiB)  open(s)    wr/rd(s)   close(s)   total(s)   iter
------    ---------  ----       ----------  ---------- ---------  --------   --------   --------   --------   ----
write     26.39      6816       0.001038    4.00       4.00       0.005148   0.600936   0.000135   0.606252   0   
read      193.54     50273      0.000158    4.00       4.00       0.001109   0.081475   0.000076   0.082671   0   

Summary of all tests:
Operation   Max(MiB)   Min(MiB)  Mean(MiB)     StdDev   Max(OPs)   Min(OPs)  Mean(OPs)     StdDev    Mean(s) Stonewall(s) Stonewall(MiB) Test# #Tasks tPN reps fPP reord reordoff reordrand seed segcnt   blksiz    xsize aggs(MiB)   API RefNum
write          26.39      26.39      26.39       0.00    6756.27    6756.27    6756.27       0.00    0.60625         NA            NA     0      8   8    1   1     1        1         0    0    512     4096     4096      16.0 POSIX      0
read          193.54     193.54     193.54       0.00   49545.69   49545.69   49545.69       0.00    0.08267         NA            NA     0      8   8    1   1     1        1         0    0    512     4096     4096      16.0 POSIX      0
Finished            : Wed May  6 15:15:26 2026
