IOR-4.1.0+dev: MPI Coordinated Test of Parallel I/O
Began               : Wed May  6 16:09:22 2026
Command line        : /users/aadits/bench-tools/bin/ior -a POSIX -F -w -r -g -e -C -t 4096 -b 4096 -s 16384 -o /mnt/cephfs/cs2640-bench/direct_ior_512m__external__r0/iorfile
Machine             : Linux node0.aadit.cs2640-pg0.cloudlab.umass.edu
TestID              : 0
StartTime           : Wed May  6 16:09:22 2026
Path                : /mnt/cephfs/cs2640-bench/direct_ior_512m__external__r0/iorfile.00000000
FS                  : 93.8 GiB   Used FS: 0.0%   Inodes: 0.0 Mi   Used Inodes: 200.0%

Options: 
api                 : POSIX
apiVersion          : 
test filename       : /mnt/cephfs/cs2640-bench/direct_ior_512m__external__r0/iorfile
access              : file-per-process
type                : independent
segments            : 16384
ordering in a file  : sequential
ordering inter file : constant task offset
task offset         : 1
nodes               : 1
tasks               : 8
clients per node    : 8
memoryBuffer        : CPU
dataAccess          : CPU
GPUDirect           : 0
repetitions         : 1
xfersize            : 4096 bytes
blocksize           : 4096 bytes
aggregate filesize  : 512 MiB

Results: 

access    bw(MiB/s)  IOPS       Latency(s)  block(KiB) xfer(KiB)  open(s)    wr/rd(s)   close(s)   total(s)   iter
------    ---------  ----       ----------  ---------- ---------  --------   --------   --------   --------   ----
write     40.46      10363      0.000658    4.00       4.00       0.005474   12.65      0.000174   12.65      0   
read      137.24     35145      0.000214    4.00       4.00       0.001067   3.73       0.000115   3.73       0   

Summary of all tests:
Operation   Max(MiB)   Min(MiB)  Mean(MiB)     StdDev   Max(OPs)   Min(OPs)  Mean(OPs)     StdDev    Mean(s) Stonewall(s) Stonewall(MiB) Test# #Tasks tPN reps fPP reord reordoff reordrand seed segcnt   blksiz    xsize aggs(MiB)   API RefNum
write          40.46      40.46      40.46       0.00   10357.94   10357.94   10357.94       0.00   12.65426         NA            NA     0      8   8    1   1     1        1         0    0  16384     4096     4096     512.0 POSIX      0
read          137.24     137.24     137.24       0.00   35133.84   35133.84   35133.84       0.00    3.73065         NA            NA     0      8   8    1   1     1        1         0    0  16384     4096     4096     512.0 POSIX      0
Finished            : Wed May  6 16:09:39 2026
