Output directory: results/cloudlab-paperready-20260506-3x
Total jobs: 162
Randomized job order: results/cloudlab-paperready-20260506-3x/jobs_shuffled.tsv
Started: 2026-05-06T18:24:12-06:00
SKIP direct_ior__external__r1
SKIP recreated_filebench_varmail_like__native__r1
START ycsb_zipfian_file_skew__native__r3 2026-05-06T18:24:22-06:00
DONE ycsb_zipfian_file_skew__native__r3
START predictor_false_hot_churn__predictor_nolearn__r2 2026-05-06T18:25:42-06:00
DONE predictor_false_hot_churn__predictor_nolearn__r2
START recreated_mdtest_tree__native__r3 2026-05-06T18:25:54-06:00
DONE recreated_mdtest_tree__native__r3
START ycsb_hotspot_file_skew__predictor_nolearn__r2 2026-05-06T18:26:34-06:00
DONE ycsb_hotspot_file_skew__predictor_nolearn__r2
SKIP direct_mdtest_10k__external__r2
START predictor_false_hot_churn__oracle__r3 2026-05-06T18:26:50-06:00
DONE predictor_false_hot_churn__oracle__r3
SKIP direct_ior__external__r2
START ycsb_zipfian_file_skew__oracle__r4 2026-05-06T18:27:07-06:00
DONE ycsb_zipfian_file_skew__oracle__r4
START recreated_mdtest_tree__predictor_nolearn__r1 2026-05-06T18:27:42-06:00
DONE recreated_mdtest_tree__predictor_nolearn__r1
START ycsb_zipfian_file_skew__predictor_nolearn__r3 2026-05-06T18:27:52-06:00
DONE ycsb_zipfian_file_skew__predictor_nolearn__r3
START hotcold_cold90_access10__predictor_nolearn__r0 2026-05-06T18:28:04-06:00
DONE hotcold_cold90_access10__predictor_nolearn__r0
START ycsb_hotspot_file_skew__predictor_nolearn__r1 2026-05-06T18:28:15-06:00
DONE ycsb_hotspot_file_skew__predictor_nolearn__r1
START recreated_filebench_varmail_like__predictor__r3 2026-05-06T18:28:27-06:00
DONE recreated_filebench_varmail_like__predictor__r3
SKIP ycsb_zipfian_file_skew__predictor__r2
START predictor_false_hot_churn__oracle__r1 2026-05-06T18:29:12-06:00
DONE predictor_false_hot_churn__oracle__r1
START hotcold_cold90_access10__predictor__r3 2026-05-06T18:29:24-06:00
DONE hotcold_cold90_access10__predictor__r3
SKIP hotcold_cold90_access10__native__r1
START predictor_false_hot_churn__predictor_nolearn__r1 2026-05-06T18:29:55-06:00
DONE predictor_false_hot_churn__predictor_nolearn__r1
SKIP direct_filebench_fileserver__external__r0
START direct_mdtest_10k__external__r4 2026-05-06T18:30:12-06:00
DONE direct_mdtest_10k__external__r4
START predictor_false_hot_churn__predictor_nolearn__r4 2026-05-06T18:31:32-06:00
DONE predictor_false_hot_churn__predictor_nolearn__r4
START predictor_false_hot_churn__predictor__r4 2026-05-06T18:31:44-06:00
DONE predictor_false_hot_churn__predictor__r4
SKIP recreated_filebench_varmail_like__native__r2
START predictor_false_hot_churn__predictor__r2 2026-05-06T18:34:14-06:00
DONE predictor_false_hot_churn__predictor__r2
SKIP hotcold_cold90_access10__oracle__r1
START scaled_hotcold_cold90_access10_20k__native__r2 2026-05-06T18:36:42-06:00
DONE scaled_hotcold_cold90_access10_20k__native__r2
SKIP ycsb_hotspot_file_skew__predictor__r0
START scaled_hotcold_cold90_access10_20k__predictor__r1 2026-05-06T18:45:22-06:00
DONE scaled_hotcold_cold90_access10_20k__predictor__r1
SKIP ycsb_hotspot_file_skew__oracle__r0
SKIP ycsb_zipfian_file_skew__predictor__r1
START recreated_mdtest_tree__predictor__r4 2026-05-06T18:49:17-06:00
DONE recreated_mdtest_tree__predictor__r4
START recreated_filebench_varmail_like__oracle__r4 2026-05-06T18:49:28-06:00
DONE recreated_filebench_varmail_like__oracle__r4
START hotcold_cold90_access10__predictor_nolearn__r2 2026-05-06T18:49:52-06:00
DONE hotcold_cold90_access10__predictor_nolearn__r2
START ycsb_hotspot_file_skew__oracle__r3 2026-05-06T18:50:04-06:00
DONE ycsb_hotspot_file_skew__oracle__r3
SKIP recreated_filebench_varmail_like__predictor__r0
SKIP direct_filebench_varmail__external__r1
START scaled_hotcold_cold90_access10_20k__predictor_nolearn__r2 2026-05-06T18:50:54-06:00
DONE scaled_hotcold_cold90_access10_20k__predictor_nolearn__r2
START direct_ior_512m__external__r3 2026-05-06T18:51:23-06:00
DONE direct_ior_512m__external__r3
SKIP direct_filebench_varmail__external__r0
SKIP ycsb_hotspot_file_skew__predictor__r2
START predictor_false_hot_churn__oracle__r4 2026-05-06T18:51:57-06:00
DONE predictor_false_hot_churn__oracle__r4
START ycsb_zipfian_file_skew__predictor_nolearn__r0 2026-05-06T18:52:08-06:00
DONE ycsb_zipfian_file_skew__predictor_nolearn__r0
SKIP hotcold_cold90_access10__native__r2
START direct_mdtest_10k__external__r3 2026-05-06T18:52:25-06:00
DONE direct_mdtest_10k__external__r3
SKIP ycsb_hotspot_file_skew__oracle__r2
START hotcold_cold90_access10__predictor_nolearn__r4 2026-05-06T18:54:09-06:00
DONE hotcold_cold90_access10__predictor_nolearn__r4
SKIP direct_mdtest_10k__external__r0
START ycsb_hotspot_file_skew__native__r3 2026-05-06T18:54:26-06:00
DONE ycsb_hotspot_file_skew__native__r3
SKIP ycsb_zipfian_file_skew__oracle__r2
SKIP hotcold_cold90_access10__oracle__r0
START recreated_filebench_varmail_like__predictor_nolearn__r2 2026-05-06T18:55:56-06:00
DONE recreated_filebench_varmail_like__predictor_nolearn__r2
SKIP recreated_filebench_varmail_like__oracle__r0
START scaled_hotcold_cold90_access10_20k__native__r1 2026-05-06T18:56:25-06:00
DONE scaled_hotcold_cold90_access10_20k__native__r1
START direct_ior__external__r3 2026-05-06T19:04:02-06:00
DONE direct_ior__external__r3
START recreated_filebench_varmail_like__native__r4 2026-05-06T19:04:13-06:00
DONE recreated_filebench_varmail_like__native__r4
START hotcold_cold90_access10__native__r4 2026-05-06T19:06:54-06:00
DONE hotcold_cold90_access10__native__r4
SKIP direct_mdtest__external__r1
SKIP hotcold_cold90_access10__oracle__r2
START direct_ior__external__r4 2026-05-06T19:08:21-06:00
DONE direct_ior__external__r4
START scaled_hotcold_cold90_access10_20k__predictor__r0 2026-05-06T19:08:31-06:00
DONE scaled_hotcold_cold90_access10_20k__predictor__r0
START predictor_false_hot_churn__native__r2 2026-05-06T19:11:35-06:00
DONE predictor_false_hot_churn__native__r2
START ycsb_hotspot_file_skew__predictor_nolearn__r4 2026-05-06T19:14:30-06:00
DONE ycsb_hotspot_file_skew__predictor_nolearn__r4
SKIP hotcold_cold90_access10__predictor__r0
START direct_mdtest__external__r3 2026-05-06T19:14:47-06:00
DONE direct_mdtest__external__r3
SKIP ycsb_hotspot_file_skew__native__r1
SKIP direct_ior_512m__external__r0
START scaled_hotcold_cold90_access10_20k__oracle__r1 2026-05-06T19:15:32-06:00
DONE scaled_hotcold_cold90_access10_20k__oracle__r1
START ycsb_zipfian_file_skew__predictor__r4 2026-05-06T19:19:48-06:00
DONE ycsb_zipfian_file_skew__predictor__r4
SKIP ycsb_zipfian_file_skew__native__r2
SKIP recreated_mdtest_tree__predictor__r2
SKIP direct_mdtest__external__r0
SKIP direct_filebench_fileserver__external__r1
SKIP recreated_filebench_varmail_like__oracle__r2
SKIP ycsb_zipfian_file_skew__predictor__r0
START scaled_hotcold_cold90_access10_20k__oracle__r2 2026-05-06T19:21:09-06:00
DONE scaled_hotcold_cold90_access10_20k__oracle__r2
START scaled_hotcold_cold90_access10_20k__oracle__r0 2026-05-06T19:25:53-06:00
DONE scaled_hotcold_cold90_access10_20k__oracle__r0
START ycsb_zipfian_file_skew__native__r4 2026-05-06T19:30:11-06:00
DONE ycsb_zipfian_file_skew__native__r4
START predictor_false_hot_churn__predictor_nolearn__r3 2026-05-06T19:31:27-06:00
DONE predictor_false_hot_churn__predictor_nolearn__r3
START hotcold_cold90_access10__predictor__r4 2026-05-06T19:31:39-06:00
DONE hotcold_cold90_access10__predictor__r4
SKIP recreated_mdtest_tree__native__r1
START direct_filebench_fileserver__external__r4 2026-05-06T19:32:14-06:00
DONE direct_filebench_fileserver__external__r4
SKIP ycsb_zipfian_file_skew__oracle__r0
START scaled_hotcold_cold90_access10_20k__predictor_nolearn__r1 2026-05-06T19:34:02-06:00
DONE scaled_hotcold_cold90_access10_20k__predictor_nolearn__r1
START hotcold_cold90_access10__native__r3 2026-05-06T19:34:32-06:00
DONE hotcold_cold90_access10__native__r3
START predictor_false_hot_churn__predictor_nolearn__r0 2026-05-06T19:35:09-06:00
DONE predictor_false_hot_churn__predictor_nolearn__r0
START predictor_false_hot_churn__predictor__r1 2026-05-06T19:35:20-06:00
DONE predictor_false_hot_churn__predictor__r1
START scaled_hotcold_cold90_access10_20k__native__r0 2026-05-06T19:37:38-06:00
DONE scaled_hotcold_cold90_access10_20k__native__r0
START predictor_false_hot_churn__native__r1 2026-05-06T19:45:57-06:00
DONE predictor_false_hot_churn__native__r1
START predictor_false_hot_churn__native__r3 2026-05-06T19:48:55-06:00
DONE predictor_false_hot_churn__native__r3
SKIP ycsb_zipfian_file_skew__native__r0
START ycsb_hotspot_file_skew__predictor__r3 2026-05-06T19:51:47-06:00
DONE ycsb_hotspot_file_skew__predictor__r3
START ycsb_zipfian_file_skew__predictor_nolearn__r2 2026-05-06T19:52:25-06:00
DONE ycsb_zipfian_file_skew__predictor_nolearn__r2
SKIP recreated_mdtest_tree__oracle__r0
SKIP direct_mdtest__external__r2
START recreated_filebench_varmail_like__predictor_nolearn__r3 2026-05-06T19:52:47-06:00
DONE recreated_filebench_varmail_like__predictor_nolearn__r3
SKIP hotcold_cold90_access10__predictor__r2
SKIP ycsb_hotspot_file_skew__native__r2
START hotcold_cold90_access10__oracle__r3 2026-05-06T19:53:20-06:00
DONE hotcold_cold90_access10__oracle__r3
START predictor_false_hot_churn__predictor__r3 2026-05-06T19:53:43-06:00
DONE predictor_false_hot_churn__predictor__r3
START ycsb_hotspot_file_skew__predictor_nolearn__r0 2026-05-06T19:55:59-06:00
DONE ycsb_hotspot_file_skew__predictor_nolearn__r0
SKIP recreated_mdtest_tree__oracle__r2
START recreated_mdtest_tree__native__r4 2026-05-06T19:56:16-06:00
DONE recreated_mdtest_tree__native__r4
START recreated_mdtest_tree__predictor_nolearn__r0 2026-05-06T19:56:58-06:00
DONE recreated_mdtest_tree__predictor_nolearn__r0
SKIP recreated_filebench_varmail_like__predictor__r1
START scaled_hotcold_cold90_access10_20k__predictor__r2 2026-05-06T19:57:13-06:00
DONE scaled_hotcold_cold90_access10_20k__predictor__r2
START recreated_filebench_varmail_like__native__r3 2026-05-06T20:01:09-06:00
DONE recreated_filebench_varmail_like__native__r3
SKIP direct_mdtest_10k__external__r1
START direct_ior_512m__external__r4 2026-05-06T20:03:46-06:00
DONE direct_ior_512m__external__r4
START direct_filebench_fileserver__external__r3 2026-05-06T20:04:10-06:00
DONE direct_filebench_fileserver__external__r3
START recreated_filebench_varmail_like__oracle__r3 2026-05-06T20:05:44-06:00
DONE recreated_filebench_varmail_like__oracle__r3
SKIP recreated_mdtest_tree__native__r2
SKIP recreated_filebench_varmail_like__native__r0
START recreated_filebench_varmail_like__predictor_nolearn__r0 2026-05-06T20:06:17-06:00
DONE recreated_filebench_varmail_like__predictor_nolearn__r0
START ycsb_zipfian_file_skew__oracle__r3 2026-05-06T20:06:41-06:00
DONE ycsb_zipfian_file_skew__oracle__r3
SKIP recreated_mdtest_tree__native__r0
SKIP recreated_mdtest_tree__predictor__r0
START recreated_mdtest_tree__predictor_nolearn__r3 2026-05-06T20:07:46-06:00
DONE recreated_mdtest_tree__predictor_nolearn__r3
START hotcold_cold90_access10__predictor_nolearn__r1 2026-05-06T20:07:57-06:00
DONE hotcold_cold90_access10__predictor_nolearn__r1
START recreated_filebench_varmail_like__predictor_nolearn__r1 2026-05-06T20:08:10-06:00
DONE recreated_filebench_varmail_like__predictor_nolearn__r1
START ycsb_hotspot_file_skew__oracle__r4 2026-05-06T20:08:34-06:00
DONE ycsb_hotspot_file_skew__oracle__r4
SKIP recreated_mdtest_tree__oracle__r1
START predictor_false_hot_churn__native__r0 2026-05-06T20:09:17-06:00
DONE predictor_false_hot_churn__native__r0
START recreated_mdtest_tree__oracle__r4 2026-05-06T20:12:50-06:00
DONE recreated_mdtest_tree__oracle__r4
START predictor_false_hot_churn__oracle__r2 2026-05-06T20:13:01-06:00
DONE predictor_false_hot_churn__oracle__r2
START predictor_false_hot_churn__oracle__r0 2026-05-06T20:13:13-06:00
DONE predictor_false_hot_churn__oracle__r0
SKIP ycsb_zipfian_file_skew__native__r1
SKIP recreated_mdtest_tree__predictor__r1
START recreated_mdtest_tree__predictor__r3 2026-05-06T20:13:35-06:00
DONE recreated_mdtest_tree__predictor__r3
START recreated_filebench_varmail_like__predictor__r4 2026-05-06T20:13:46-06:00
DONE recreated_filebench_varmail_like__predictor__r4
SKIP direct_ior__external__r0
SKIP direct_filebench_fileserver__external__r2
START recreated_mdtest_tree__oracle__r3 2026-05-06T20:16:08-06:00
DONE recreated_mdtest_tree__oracle__r3
START recreated_mdtest_tree__predictor_nolearn__r2 2026-05-06T20:16:19-06:00
DONE recreated_mdtest_tree__predictor_nolearn__r2
START predictor_false_hot_churn__predictor__r0 2026-05-06T20:16:30-06:00
DONE predictor_false_hot_churn__predictor__r0
START ycsb_zipfian_file_skew__predictor_nolearn__r4 2026-05-06T20:18:51-06:00
DONE ycsb_zipfian_file_skew__predictor_nolearn__r4
START scaled_hotcold_cold90_access10_20k__predictor_nolearn__r0 2026-05-06T20:19:03-06:00
DONE scaled_hotcold_cold90_access10_20k__predictor_nolearn__r0
SKIP ycsb_hotspot_file_skew__oracle__r1
START ycsb_hotspot_file_skew__native__r4 2026-05-06T20:19:37-06:00
DONE ycsb_hotspot_file_skew__native__r4
SKIP direct_ior_512m__external__r1
START direct_mdtest__external__r4 2026-05-06T20:21:01-06:00
DONE direct_mdtest__external__r4
START direct_filebench_varmail__external__r4 2026-05-06T20:21:50-06:00
DONE direct_filebench_varmail__external__r4
SKIP ycsb_hotspot_file_skew__native__r0
SKIP hotcold_cold90_access10__predictor__r1
START hotcold_cold90_access10__oracle__r4 2026-05-06T20:23:30-06:00
DONE hotcold_cold90_access10__oracle__r4
START ycsb_hotspot_file_skew__predictor__r4 2026-05-06T20:24:17-06:00
DONE ycsb_hotspot_file_skew__predictor__r4
START ycsb_zipfian_file_skew__predictor__r3 2026-05-06T20:24:55-06:00
DONE ycsb_zipfian_file_skew__predictor__r3
START recreated_mdtest_tree__predictor_nolearn__r4 2026-05-06T20:25:39-06:00
DONE recreated_mdtest_tree__predictor_nolearn__r4
SKIP recreated_filebench_varmail_like__predictor__r2
START ycsb_zipfian_file_skew__predictor_nolearn__r1 2026-05-06T20:25:55-06:00
DONE ycsb_zipfian_file_skew__predictor_nolearn__r1
START direct_filebench_varmail__external__r3 2026-05-06T20:26:07-06:00
DONE direct_filebench_varmail__external__r3
SKIP ycsb_hotspot_file_skew__predictor__r1
SKIP recreated_filebench_varmail_like__oracle__r1
SKIP ycsb_zipfian_file_skew__oracle__r1
START recreated_filebench_varmail_like__predictor_nolearn__r4 2026-05-06T20:27:53-06:00
DONE recreated_filebench_varmail_like__predictor_nolearn__r4
SKIP direct_ior_512m__external__r2
START hotcold_cold90_access10__predictor_nolearn__r3 2026-05-06T20:28:22-06:00
DONE hotcold_cold90_access10__predictor_nolearn__r3
START predictor_false_hot_churn__native__r4 2026-05-06T20:28:34-06:00
DONE predictor_false_hot_churn__native__r4
SKIP hotcold_cold90_access10__native__r0
SKIP direct_filebench_varmail__external__r2
START ycsb_hotspot_file_skew__predictor_nolearn__r3 2026-05-06T20:32:09-06:00
DONE ycsb_hotspot_file_skew__predictor_nolearn__r3
Finished: 2026-05-06T20:32:21-06:00
Summary: results/cloudlab-paperready-20260506-3x/summary.md
